1736358392.121490 client started (30766): version 3.5a, socket /tmp/tmux-1000/default, protocol 8
1736358392.121564 on Linux 6.12.8-arch1-1 #1 SMP PREEMPT_DYNAMIC Thu, 02 Jan 2025 22:52:26 +0000
1736358392.121603 using libevent 2.1.12-stable poll
1736358392.121638 using ncurses 6.5 20240427
1736358392.122054 flags are 0x10010000
1736358392.122095 socket is /tmp/tmux-1000/default
1736358392.122161 trying connect
1736358392.122408 add peer 0x622215addfe0: 6 ((nil))
1736358392.123672 sending message 111 to peer 0x622215addfe0 (8 bytes)
1736358392.123711 sending message 111 to peer 0x622215addfe0 (8 bytes)
1736358392.123743 sending message 101 to peer 0x622215addfe0 (16 bytes)
1736358392.123774 sending message 109 to peer 0x622215addfe0 (4 bytes)
1736358392.123806 sending message 102 to peer 0x622215addfe0 (11 bytes)
1736358392.123837 sending message 108 to peer 0x622215addfe0 (22 bytes)
1736358392.123868 sending message 112 to peer 0x622215addfe0 (70 bytes)
1736358392.123900 sending message 112 to peer 0x622215addfe0 (5 bytes)
1736358392.123931 sending message 112 to peer 0x622215addfe0 (5 bytes)
1736358392.123962 sending message 112 to peer 0x622215addfe0 (6 bytes)
1736358392.123993 sending message 112 to peer 0x622215addfe0 (6 bytes)
1736358392.124025 sending message 112 to peer 0x622215addfe0 (11 bytes)
1736358392.124056 sending message 112 to peer 0x622215addfe0 (10 bytes)
1736358392.124087 sending message 112 to peer 0x622215addfe0 (13 bytes)
1736358392.124127 sending message 112 to peer 0x622215addfe0 (13 bytes)
1736358392.124159 sending message 112 to peer 0x622215addfe0 (18 bytes)
1736358392.124190 sending message 112 to peer 0x622215addfe0 (11 bytes)
1736358392.124221 sending message 112 to peer 0x622215addfe0 (21 bytes)
1736358392.124253 sending message 112 to peer 0x622215addfe0 (13 bytes)
1736358392.124284 sending message 112 to peer 0x622215addfe0 (7 bytes)
1736358392.124315 sending message 112 to peer 0x622215addfe0 (13 bytes)
1736358392.124352 sending message 112 to peer 0x622215addfe0 (7 bytes)
1736358392.124384 sending message 112 to peer 0x622215addfe0 (13 bytes)
1736358392.124415 sending message 112 to peer 0x622215addfe0 (9 bytes)
1736358392.124447 sending message 112 to peer 0x622215addfe0 (21 bytes)
1736358392.124478 sending message 112 to peer 0x622215addfe0 (13 bytes)
1736358392.124509 sending message 112 to peer 0x622215addfe0 (8 bytes)
1736358392.124541 sending message 112 to peer 0x622215addfe0 (12 bytes)
1736358392.124572 sending message 112 to peer 0x622215addfe0 (13 bytes)
1736358392.124605 sending message 112 to peer 0x622215addfe0 (9 bytes)
1736358392.124642 sending message 112 to peer 0x622215addfe0 (9 bytes)
1736358392.124673 sending message 112 to peer 0x622215addfe0 (12 bytes)
1736358392.124704 sending message 112 to peer 0x622215addfe0 (8 bytes)
1736358392.124736 sending message 112 to peer 0x622215addfe0 (7 bytes)
1736358392.124767 sending message 112 to peer 0x622215addfe0 (7 bytes)
1736358392.124798 sending message 112 to peer 0x622215addfe0 (9 bytes)
1736358392.124829 sending message 112 to peer 0x622215addfe0 (13 bytes)
1736358392.124861 sending message 112 to peer 0x622215addfe0 (9 bytes)
1736358392.124892 sending message 112 to peer 0x622215addfe0 (15 bytes)
1736358392.124923 sending message 112 to peer 0x622215addfe0 (13 bytes)
1736358392.124954 sending message 112 to peer 0x622215addfe0 (12 bytes)
1736358392.124984 sending message 112 to peer 0x622215addfe0 (8 bytes)
1736358392.125012 sending message 112 to peer 0x622215addfe0 (14 bytes)
1736358392.125043 sending message 112 to peer 0x622215addfe0 (9 bytes)
1736358392.125073 sending message 112 to peer 0x622215addfe0 (10 bytes)
1736358392.125104 sending message 112 to peer 0x622215addfe0 (10 bytes)
1736358392.125134 sending message 112 to peer 0x622215addfe0 (10 bytes)
1736358392.125164 sending message 112 to peer 0x622215addfe0 (10 bytes)
1736358392.125195 sending message 112 to peer 0x622215addfe0 (11 bytes)
1736358392.125226 sending message 112 to peer 0x622215addfe0 (10 bytes)
1736358392.125258 sending message 112 to peer 0x622215addfe0 (8 bytes)
1736358392.125302 sending message 112 to peer 0x622215addfe0 (11 bytes)
1736358392.125334 sending message 112 to peer 0x622215addfe0 (11 bytes)
1736358392.125367 sending message 112 to peer 0x622215addfe0 (11 bytes)
1736358392.125399 sending message 112 to peer 0x622215addfe0 (8 bytes)
1736358392.125435 sending message 112 to peer 0x622215addfe0 (8 bytes)
1736358392.125469 sending message 112 to peer 0x622215addfe0 (8 bytes)
1736358392.125500 sending message 112 to peer 0x622215addfe0 (10 bytes)
1736358392.125533 sending message 112 to peer 0x622215addfe0 (10 bytes)
1736358392.125566 sending message 112 to peer 0x622215addfe0 (10 bytes)
1736358392.125598 sending message 112 to peer 0x622215addfe0 (10 bytes)
1736358392.125629 sending message 112 to peer 0x622215addfe0 (10 bytes)
1736358392.125662 sending message 112 to peer 0x622215addfe0 (11 bytes)
1736358392.125695 sending message 112 to peer 0x622215addfe0 (11 bytes)
1736358392.125727 sending message 112 to peer 0x622215addfe0 (10 bytes)
1736358392.125760 sending message 112 to peer 0x622215addfe0 (9 bytes)
1736358392.125792 sending message 112 to peer 0x622215addfe0 (9 bytes)
1736358392.125825 sending message 112 to peer 0x622215addfe0 (12 bytes)
1736358392.125858 sending message 112 to peer 0x622215addfe0 (9 bytes)
1736358392.125890 sending message 112 to peer 0x622215addfe0 (6 bytes)
1736358392.125923 sending message 112 to peer 0x622215addfe0 (13 bytes)
1736358392.125956 sending message 112 to peer 0x622215addfe0 (8 bytes)
1736358392.125989 sending message 112 to peer 0x622215addfe0 (15 bytes)
1736358392.126021 sending message 112 to peer 0x622215addfe0 (13 bytes)
1736358392.126053 sending message 112 to peer 0x622215addfe0 (70 bytes)
1736358392.126085 sending message 112 to peer 0x622215addfe0 (69 bytes)
1736358392.126119 sending message 112 to peer 0x622215addfe0 (10 bytes)
1736358392.126151 sending message 112 to peer 0x622215addfe0 (8 bytes)
1736358392.126184 sending message 112 to peer 0x622215addfe0 (15 bytes)
1736358392.126216 sending message 112 to peer 0x622215addfe0 (13 bytes)
1736358392.126248 sending message 112 to peer 0x622215addfe0 (10 bytes)
1736358392.126280 sending message 112 to peer 0x622215addfe0 (10 bytes)
1736358392.126312 sending message 112 to peer 0x622215addfe0 (5 bytes)
1736358392.126345 sending message 112 to peer 0x622215addfe0 (15 bytes)
1736358392.126403 sending message 104 to peer 0x622215addfe0 (0 bytes)
1736358392.126460 sending message 110 to peer 0x622215addfe0 (0 bytes)
1736358392.126518 sending message 107 to peer 0x622215addfe0 (4 bytes)
1736358392.126551 sending message 105 to peer 0x622215addfe0 (38 bytes)
1736358392.126582 sending message 105 to peer 0x622215addfe0 (62 bytes)
1736358392.126615 sending message 105 to peer 0x622215addfe0 (36 bytes)
1736358392.126648 sending message 105 to peer 0x622215addfe0 (30 bytes)
1736358392.126680 sending message 105 to peer 0x622215addfe0 (20 bytes)
1736358392.126713 sending message 105 to peer 0x622215addfe0 (54 bytes)
1736358392.126745 sending message 105 to peer 0x622215addfe0 (50 bytes)
1736358392.126779 sending message 105 to peer 0x622215addfe0 (32 bytes)
1736358392.126813 sending message 105 to peer 0x622215addfe0 (23 bytes)
1736358392.126845 sending message 105 to peer 0x622215addfe0 (11 bytes)
1736358392.126878 sending message 105 to peer 0x622215addfe0 (12 bytes)
1736358392.126910 sending message 105 to peer 0x622215addfe0 (33 bytes)
1736358392.126943 sending message 105 to peer 0x622215addfe0 (13 bytes)
1736358392.126976 sending message 105 to peer 0x622215addfe0 (27 bytes)
1736358392.127009 sending message 105 to peer 0x622215addfe0 (38 bytes)
1736358392.127042 sending message 105 to peer 0x622215addfe0 (18 bytes)
1736358392.127074 sending message 105 to peer 0x622215addfe0 (71 bytes)
1736358392.127107 sending message 105 to peer 0x622215addfe0 (45 bytes)
1736358392.127139 sending message 105 to peer 0x622215addfe0 (26 bytes)
1736358392.127172 sending message 105 to peer 0x622215addfe0 (32 bytes)
1736358392.127204 sending message 105 to peer 0x622215addfe0 (762 bytes)
1736358392.127241 sending message 105 to peer 0x622215addfe0 (88 bytes)
1736358392.127273 sending message 105 to peer 0x622215addfe0 (75 bytes)
1736358392.127306 sending message 105 to peer 0x622215addfe0 (15 bytes)
1736358392.127338 sending message 105 to peer 0x622215addfe0 (18 bytes)
1736358392.127371 sending message 105 to peer 0x622215addfe0 (43 bytes)
1736358392.127404 sending message 105 to peer 0x622215addfe0 (47 bytes)
1736358392.127442 sending message 105 to peer 0x622215addfe0 (23 bytes)
1736358392.127475 sending message 105 to peer 0x622215addfe0 (28 bytes)
1736358392.127506 sending message 105 to peer 0x622215addfe0 (22 bytes)
1736358392.127538 sending message 105 to peer 0x622215addfe0 (21 bytes)
1736358392.127569 sending message 105 to peer 0x622215addfe0 (22 bytes)
1736358392.127600 sending message 105 to peer 0x622215addfe0 (17 bytes)
1736358392.127632 sending message 105 to peer 0x622215addfe0 (15 bytes)
1736358392.127663 sending message 105 to peer 0x622215addfe0 (28 bytes)
1736358392.127694 sending message 105 to peer 0x622215addfe0 (15 bytes)
1736358392.127726 sending message 105 to peer 0x622215addfe0 (179 bytes)
1736358392.127757 sending message 105 to peer 0x622215addfe0 (51 bytes)
1736358392.127788 sending message 105 to peer 0x622215addfe0 (15 bytes)
1736358392.127820 sending message 105 to peer 0x622215addfe0 (29 bytes)
1736358392.127851 sending message 105 to peer 0x622215addfe0 (50 bytes)
1736358392.127883 sending message 105 to peer 0x622215addfe0 (775 bytes)
1736358392.127914 sending message 105 to peer 0x622215addfe0 (41 bytes)
1736358392.127945 sending message 105 to peer 0x622215addfe0 (26 bytes)
1736358392.127977 sending message 105 to peer 0x622215addfe0 (30 bytes)
1736358392.128008 sending message 105 to peer 0x622215addfe0 (23 bytes)
1736358392.128039 sending message 105 to peer 0x622215addfe0 (82 bytes)
1736358392.128070 sending message 105 to peer 0x622215addfe0 (19 bytes)
1736358392.128106 sending message 105 to peer 0x622215addfe0 (8 bytes)
1736358392.128138 sending message 105 to peer 0x622215addfe0 (38 bytes)
1736358392.128169 sending message 105 to peer 0x622215addfe0 (19 bytes)
1736358392.128201 sending message 105 to peer 0x622215addfe0 (22 bytes)
1736358392.128232 sending message 105 to peer 0x622215addfe0 (21 bytes)
1736358392.128263 sending message 105 to peer 0x622215addfe0 (18 bytes)
1736358392.128295 sending message 105 to peer 0x622215addfe0 (26 bytes)
1736358392.128326 sending message 105 to peer 0x622215addfe0 (36 bytes)
1736358392.128357 sending message 105 to peer 0x622215addfe0 (13 bytes)
1736358392.128388 sending message 105 to peer 0x622215addfe0 (12 bytes)
1736358392.128420 sending message 105 to peer 0x622215addfe0 (26 bytes)
1736358392.128451 sending message 105 to peer 0x622215addfe0 (25 bytes)
1736358392.128482 sending message 105 to peer 0x622215addfe0 (39 bytes)
1736358392.128514 sending message 105 to peer 0x622215addfe0 (58 bytes)
1736358392.128545 sending message 105 to peer 0x622215addfe0 (24 bytes)
1736358392.128577 sending message 105 to peer 0x622215addfe0 (24 bytes)
1736358392.128608 sending message 105 to peer 0x622215addfe0 (31 bytes)
1736358392.128639 sending message 105 to peer 0x622215addfe0 (15 bytes)
1736358392.128671 sending message 105 to peer 0x622215addfe0 (52 bytes)
1736358392.128702 sending message 105 to peer 0x622215addfe0 (23 bytes)
1736358392.128733 sending message 105 to peer 0x622215addfe0 (24 bytes)
1736358392.128764 sending message 105 to peer 0x622215addfe0 (17 bytes)
1736358392.128796 sending message 105 to peer 0x622215addfe0 (58 bytes)
1736358392.128827 sending message 105 to peer 0x622215addfe0 (25 bytes)
1736358392.128859 sending message 105 to peer 0x622215addfe0 (11 bytes)
1736358392.128890 sending message 105 to peer 0x622215addfe0 (22 bytes)
1736358392.128921 sending message 105 to peer 0x622215addfe0 (29 bytes)
1736358392.128953 sending message 105 to peer 0x622215addfe0 (44 bytes)
1736358392.128984 sending message 105 to peer 0x622215addfe0 (16 bytes)
1736358392.129021 sending message 106 to peer 0x622215addfe0 (0 bytes)
1736358392.129410 sending message 200 to peer 0x622215addfe0 (4 bytes)
1736358392.129446 client loop enter
1736358392.131000 peer 0x622215addfe0 message 303
1736358392.131039 open write file 2 -
1736358392.131124 sending message 305 to peer 0x622215addfe0 (8 bytes)
1736358392.131187 write check file 2
1736358392.131852 peer 0x622215addfe0 message 304
1736358392.131886 write 58 to file 2
1736358392.131918 peer 0x622215addfe0 message 203
1736358392.131950 file 2 58 bytes left
1736358392.132043 write check file 2
1736358392.132080 client loop exit
